<?xml version="1.0" encoding="UTF-8"?>
<testng-results skipped="0" failed="0" ignored="0" total="10" passed="10">
  <reporter-output>
  </reporter-output>
  <suite name="Sample test Suite" duration-ms="331215" started-at="2019-01-03T15:26:18Z" finished-at="2019-01-03T15:31:49Z">
    <groups>
    </groups>
    <test name="Sample test" duration-ms="331215" started-at="2019-01-03T15:26:18Z" finished-at="2019-01-03T15:31:49Z">
      <class name="com.training.sanity.tests.ELTC_053_Reporting">
        <test-method status="PASS" signature="setUpBeforeClass()[pri:0, instance:com.training.sanity.tests.ELTC_053_Reporting@685cb137]" name="setUpBeforeClass" is-config="true" duration-ms="37649" started-at="2019-01-03T15:27:44Z" finished-at="2019-01-03T15:28:22Z">
          <reporter-output>
          </reporter-output>
        </test-method> <!-- setUpBeforeClass -->
        <test-method status="PASS" signature="validLoginTest()[pri:1, instance:com.training.sanity.tests.ELTC_053_Reporting@685cb137]" name="validLoginTest" duration-ms="7902" started-at="2019-01-03T15:28:22Z" finished-at="2019-01-03T15:28:30Z">
          <reporter-output>
          </reporter-output>
        </test-method> <!-- validLoginTest -->
        <test-method status="PASS" signature="ReportingTest()[pri:2, instance:com.training.sanity.tests.ELTC_053_Reporting@685cb137]" name="ReportingTest" duration-ms="20468" started-at="2019-01-03T15:30:29Z" finished-at="2019-01-03T15:30:49Z">
          <reporter-output>
          </reporter-output>
        </test-method> <!-- ReportingTest -->
      </class> <!-- com.training.sanity.tests.ELTC_053_Reporting -->
      <class name="com.training.sanity.tests.ELTC_055_Careers">
        <test-method status="PASS" signature="setUpBeforeClass()[pri:0, instance:com.training.sanity.tests.ELTC_055_Careers@7cd62f43]" name="setUpBeforeClass" is-config="true" duration-ms="37016" started-at="2019-01-03T15:29:13Z" finished-at="2019-01-03T15:29:50Z">
          <reporter-output>
          </reporter-output>
        </test-method> <!-- setUpBeforeClass -->
        <test-method status="PASS" signature="validLoginTest()[pri:1, instance:com.training.sanity.tests.ELTC_055_Careers@7cd62f43]" name="validLoginTest" duration-ms="4656" started-at="2019-01-03T15:29:50Z" finished-at="2019-01-03T15:29:54Z">
          <reporter-output>
          </reporter-output>
        </test-method> <!-- validLoginTest -->
        <test-method status="PASS" signature="ReportingTest()[pri:2, instance:com.training.sanity.tests.ELTC_055_Careers@7cd62f43]" name="ReportingTest" duration-ms="31287" started-at="2019-01-03T15:31:15Z" finished-at="2019-01-03T15:31:46Z">
          <reporter-output>
          </reporter-output>
        </test-method> <!-- ReportingTest -->
      </class> <!-- com.training.sanity.tests.ELTC_055_Careers -->
      <class name="com.training.sanity.tests.ELTC_054_Teachers">
        <test-method status="PASS" signature="setUpBeforeClass()[pri:0, instance:com.training.sanity.tests.ELTC_054_Teachers@6a41eaa2]" name="setUpBeforeClass" is-config="true" duration-ms="37310" started-at="2019-01-03T15:28:30Z" finished-at="2019-01-03T15:29:07Z">
          <reporter-output>
          </reporter-output>
        </test-method> <!-- setUpBeforeClass -->
        <test-method status="PASS" signature="validLoginTest()[pri:1, instance:com.training.sanity.tests.ELTC_054_Teachers@6a41eaa2]" name="validLoginTest" duration-ms="5467" started-at="2019-01-03T15:29:07Z" finished-at="2019-01-03T15:29:13Z">
          <reporter-output>
          </reporter-output>
        </test-method> <!-- validLoginTest -->
        <test-method status="PASS" signature="ReportingTest()[pri:2, instance:com.training.sanity.tests.ELTC_054_Teachers@6a41eaa2]" name="ReportingTest" duration-ms="25634" started-at="2019-01-03T15:30:49Z" finished-at="2019-01-03T15:31:15Z">
          <reporter-output>
          </reporter-output>
        </test-method> <!-- ReportingTest -->
      </class> <!-- com.training.sanity.tests.ELTC_054_Teachers -->
      <class name="com.training.sanity.tests.ELTC_052_SessionCategories">
        <test-method status="PASS" signature="setUpBeforeClass()[pri:0, instance:com.training.sanity.tests.ELTC_052_SessionCategories@6a4f787b]" name="setUpBeforeClass" is-config="true" duration-ms="36318" started-at="2019-01-03T15:27:03Z" finished-at="2019-01-03T15:27:39Z">
          <reporter-output>
          </reporter-output>
        </test-method> <!-- setUpBeforeClass -->
        <test-method status="PASS" signature="validLoginTest()[pri:1, instance:com.training.sanity.tests.ELTC_052_SessionCategories@6a4f787b]" name="validLoginTest" duration-ms="5244" started-at="2019-01-03T15:27:39Z" finished-at="2019-01-03T15:27:44Z">
          <reporter-output>
          </reporter-output>
        </test-method> <!-- validLoginTest -->
        <test-method status="PASS" signature="SessionCategoriesTest()[pri:2, instance:com.training.sanity.tests.ELTC_052_SessionCategories@6a4f787b]" name="SessionCategoriesTest" duration-ms="24141" started-at="2019-01-03T15:30:05Z" finished-at="2019-01-03T15:30:29Z">
          <reporter-output>
          </reporter-output>
        </test-method> <!-- SessionCategoriesTest -->
      </class> <!-- com.training.sanity.tests.ELTC_052_SessionCategories -->
      <class name="com.training.sanity.tests.ELTC_051_Userlist">
        <test-method status="PASS" signature="setUpBeforeClass()[pri:0, instance:com.training.sanity.tests.ELTC_051_Userlist@604ed9f0]" name="setUpBeforeClass" is-config="true" duration-ms="38763" started-at="2019-01-03T15:26:18Z" finished-at="2019-01-03T15:26:57Z">
          <reporter-output>
          </reporter-output>
        </test-method> <!-- setUpBeforeClass -->
        <test-method status="PASS" signature="validLoginTest()[pri:1, instance:com.training.sanity.tests.ELTC_051_Userlist@604ed9f0]" name="validLoginTest" duration-ms="6242" started-at="2019-01-03T15:26:57Z" finished-at="2019-01-03T15:27:03Z">
          <reporter-output>
          </reporter-output>
        </test-method> <!-- validLoginTest -->
        <test-method status="PASS" signature="userlistTest()[pri:2, instance:com.training.sanity.tests.ELTC_051_Userlist@604ed9f0]" name="userlistTest" duration-ms="10190" started-at="2019-01-03T15:29:54Z" finished-at="2019-01-03T15:30:05Z">
          <reporter-output>
          </reporter-output>
        </test-method> <!-- userlistTest -->
        <test-method status="PASS" signature="tearDown()[pri:0, instance:com.training.sanity.tests.ELTC_051_Userlist@604ed9f0]" name="tearDown" is-config="true" duration-ms="139" started-at="2019-01-03T15:31:46Z" finished-at="2019-01-03T15:31:46Z">
          <reporter-output>
          </reporter-output>
        </test-method> <!-- tearDown -->
        <test-method status="PASS" signature="tearDown()[pri:0, instance:com.training.sanity.tests.ELTC_052_SessionCategories@6a4f787b]" name="tearDown" is-config="true" duration-ms="172" started-at="2019-01-03T15:31:46Z" finished-at="2019-01-03T15:31:46Z">
          <reporter-output>
          </reporter-output>
        </test-method> <!-- tearDown -->
        <test-method status="PASS" signature="tearDown()[pri:0, instance:com.training.sanity.tests.ELTC_053_Reporting@685cb137]" name="tearDown" is-config="true" duration-ms="239" started-at="2019-01-03T15:31:46Z" finished-at="2019-01-03T15:31:47Z">
          <reporter-output>
          </reporter-output>
        </test-method> <!-- tearDown -->
        <test-method status="PASS" signature="tearDown()[pri:0, instance:com.training.sanity.tests.ELTC_054_Teachers@6a41eaa2]" name="tearDown" is-config="true" duration-ms="189" started-at="2019-01-03T15:31:47Z" finished-at="2019-01-03T15:31:47Z">
          <reporter-output>
          </reporter-output>
        </test-method> <!-- tearDown -->
        <test-method status="PASS" signature="tearDown()[pri:0, instance:com.training.sanity.tests.ELTC_055_Careers@7cd62f43]" name="tearDown" is-config="true" duration-ms="2153" started-at="2019-01-03T15:31:47Z" finished-at="2019-01-03T15:31:49Z">
          <reporter-output>
          </reporter-output>
        </test-method> <!-- tearDown -->
      </class> <!-- com.training.sanity.tests.ELTC_051_Userlist -->
    </test> <!-- Sample test -->
  </suite> <!-- Sample test Suite -->
</testng-results>
