<?xml version="1.0" encoding="UTF-8"?>
<testng-results skipped="0" failed="0" ignored="0" total="9" passed="9">
  <reporter-output>
  </reporter-output>
  <suite name="Sample test Suite" duration-ms="379855" started-at="2018-12-21T10:47:35Z" finished-at="2018-12-21T10:53:55Z">
    <groups>
    </groups>
    <test name="Sample test" duration-ms="379855" started-at="2018-12-21T10:47:35Z" finished-at="2018-12-21T10:53:55Z">
      <class name="com.training.sanity.tests.ELTC_024_Courses_Categories">
        <test-method status="PASS" signature="setUpBeforeClass()[pri:0, instance:com.training.sanity.tests.ELTC_024_Courses_Categories@6d4b1c02]" name="setUpBeforeClass" is-config="true" duration-ms="41469" started-at="2018-12-21T10:50:26Z" finished-at="2018-12-21T10:51:07Z">
          <reporter-output>
          </reporter-output>
        </test-method> <!-- setUpBeforeClass -->
        <test-method status="PASS" signature="validLoginTest()[pri:1, instance:com.training.sanity.tests.ELTC_024_Courses_Categories@6d4b1c02]" name="validLoginTest" duration-ms="21903" started-at="2018-12-21T10:51:07Z" finished-at="2018-12-21T10:51:29Z">
          <reporter-output>
          </reporter-output>
        </test-method> <!-- validLoginTest -->
        <test-method status="PASS" signature="coursecategoriesTest()[pri:2, instance:com.training.sanity.tests.ELTC_024_Courses_Categories@6d4b1c02]" name="coursecategoriesTest" duration-ms="27288" started-at="2018-12-21T10:53:06Z" finished-at="2018-12-21T10:53:33Z">
          <reporter-output>
          </reporter-output>
        </test-method> <!-- coursecategoriesTest -->
      </class> <!-- com.training.sanity.tests.ELTC_024_Courses_Categories -->
      <class name="com.training.sanity.tests.LoginTests">
        <test-method status="PASS" signature="setUpBeforeClass()[pri:0, instance:com.training.sanity.tests.LoginTests@685cb137]" name="setUpBeforeClass" is-config="true" duration-ms="22" started-at="2018-12-21T10:47:35Z" finished-at="2018-12-21T10:47:35Z">
          <reporter-output>
          </reporter-output>
        </test-method> <!-- setUpBeforeClass -->
        <test-method status="PASS" signature="setUp()[pri:0, instance:com.training.sanity.tests.LoginTests@685cb137]" name="setUp" is-config="true" duration-ms="43843" started-at="2018-12-21T10:47:35Z" finished-at="2018-12-21T10:48:19Z">
          <reporter-output>
          </reporter-output>
        </test-method> <!-- setUp -->
        <test-method status="PASS" signature="validLoginTest()[pri:0, instance:com.training.sanity.tests.LoginTests@685cb137]" name="validLoginTest" duration-ms="5588" started-at="2018-12-21T10:48:19Z" finished-at="2018-12-21T10:48:24Z">
          <reporter-output>
          </reporter-output>
        </test-method> <!-- validLoginTest -->
        <test-method status="PASS" signature="tearDown()[pri:0, instance:com.training.sanity.tests.LoginTests@685cb137]" name="tearDown" is-config="true" duration-ms="1858" started-at="2018-12-21T10:48:24Z" finished-at="2018-12-21T10:48:26Z">
          <reporter-output>
          </reporter-output>
        </test-method> <!-- tearDown -->
      </class> <!-- com.training.sanity.tests.LoginTests -->
      <class name="com.training.sanity.tests.ELTC_022_Create_Course_link">
        <test-method status="PASS" signature="setUpBeforeClass()[pri:0, instance:com.training.sanity.tests.ELTC_022_Create_Course_link@6a41eaa2]" name="setUpBeforeClass" is-config="true" duration-ms="42763" started-at="2018-12-21T10:48:26Z" finished-at="2018-12-21T10:49:09Z">
          <reporter-output>
          </reporter-output>
        </test-method> <!-- setUpBeforeClass -->
        <test-method status="PASS" signature="validLoginTest()[pri:1, instance:com.training.sanity.tests.ELTC_022_Create_Course_link@6a41eaa2]" name="validLoginTest" duration-ms="17629" started-at="2018-12-21T10:49:09Z" finished-at="2018-12-21T10:49:27Z">
          <reporter-output>
          </reporter-output>
        </test-method> <!-- validLoginTest -->
        <test-method status="PASS" signature="createcourseTest()[pri:2, instance:com.training.sanity.tests.ELTC_022_Create_Course_link@6a41eaa2]" name="createcourseTest" duration-ms="26397" started-at="2018-12-21T10:52:20Z" finished-at="2018-12-21T10:52:47Z">
          <reporter-output>
          </reporter-output>
        </test-method> <!-- createcourseTest -->
        <test-method status="PASS" signature="tearDown()[pri:0, instance:com.training.sanity.tests.ELTC_022_Create_Course_link@6a41eaa2]" name="tearDown" is-config="true" duration-ms="1241" started-at="2018-12-21T10:53:48Z" finished-at="2018-12-21T10:53:49Z">
          <reporter-output>
          </reporter-output>
        </test-method> <!-- tearDown -->
        <test-method status="PASS" signature="tearDown()[pri:0, instance:com.training.sanity.tests.ELTC_023_Add_users_course@7cd62f43]" name="tearDown" is-config="true" duration-ms="1121" started-at="2018-12-21T10:53:49Z" finished-at="2018-12-21T10:53:50Z">
          <reporter-output>
          </reporter-output>
        </test-method> <!-- tearDown -->
        <test-method status="PASS" signature="tearDown()[pri:0, instance:com.training.sanity.tests.ELTC_024_Courses_Categories@6d4b1c02]" name="tearDown" is-config="true" duration-ms="1146" started-at="2018-12-21T10:53:50Z" finished-at="2018-12-21T10:53:52Z">
          <reporter-output>
          </reporter-output>
        </test-method> <!-- tearDown -->
        <test-method status="PASS" signature="tearDown()[pri:0, instance:com.training.sanity.tests.ELTC_025_Delete_category_icon@6093dd95]" name="tearDown" is-config="true" duration-ms="3079" started-at="2018-12-21T10:53:52Z" finished-at="2018-12-21T10:53:55Z">
          <reporter-output>
          </reporter-output>
        </test-method> <!-- tearDown -->
      </class> <!-- com.training.sanity.tests.ELTC_022_Create_Course_link -->
      <class name="com.training.sanity.tests.ELTC_025_Delete_category_icon">
        <test-method status="PASS" signature="setUpBeforeClass()[pri:0, instance:com.training.sanity.tests.ELTC_025_Delete_category_icon@6093dd95]" name="setUpBeforeClass" is-config="true" duration-ms="41411" started-at="2018-12-21T10:51:29Z" finished-at="2018-12-21T10:52:10Z">
          <reporter-output>
          </reporter-output>
        </test-method> <!-- setUpBeforeClass -->
        <test-method status="PASS" signature="validLoginTest()[pri:1, instance:com.training.sanity.tests.ELTC_025_Delete_category_icon@6093dd95]" name="validLoginTest" duration-ms="10100" started-at="2018-12-21T10:52:10Z" finished-at="2018-12-21T10:52:20Z">
          <reporter-output>
          </reporter-output>
        </test-method> <!-- validLoginTest -->
        <test-method status="PASS" signature="createcourseTest()[pri:2, instance:com.training.sanity.tests.ELTC_025_Delete_category_icon@6093dd95]" name="createcourseTest" duration-ms="14629" started-at="2018-12-21T10:53:33Z" finished-at="2018-12-21T10:53:48Z">
          <reporter-output>
          </reporter-output>
        </test-method> <!-- createcourseTest -->
      </class> <!-- com.training.sanity.tests.ELTC_025_Delete_category_icon -->
      <class name="com.training.sanity.tests.ELTC_023_Add_users_course">
        <test-method status="PASS" signature="setUpBeforeClass()[pri:0, instance:com.training.sanity.tests.ELTC_023_Add_users_course@7cd62f43]" name="setUpBeforeClass" is-config="true" duration-ms="41859" started-at="2018-12-21T10:49:27Z" finished-at="2018-12-21T10:50:08Z">
          <reporter-output>
          </reporter-output>
        </test-method> <!-- setUpBeforeClass -->
        <test-method status="PASS" signature="validLoginTest()[pri:1, instance:com.training.sanity.tests.ELTC_023_Add_users_course@7cd62f43]" name="validLoginTest" duration-ms="17098" started-at="2018-12-21T10:50:08Z" finished-at="2018-12-21T10:50:26Z">
          <reporter-output>
          </reporter-output>
        </test-method> <!-- validLoginTest -->
        <test-method status="PASS" signature="AddcourseTest()[pri:2, instance:com.training.sanity.tests.ELTC_023_Add_users_course@7cd62f43]" name="AddcourseTest" duration-ms="19342" started-at="2018-12-21T10:52:47Z" finished-at="2018-12-21T10:53:06Z">
          <reporter-output>
          </reporter-output>
        </test-method> <!-- AddcourseTest -->
      </class> <!-- com.training.sanity.tests.ELTC_023_Add_users_course -->
    </test> <!-- Sample test -->
  </suite> <!-- Sample test Suite -->
</testng-results>
