<?xml version="1.0" encoding="UTF-8"?>
<!-- Generated by org.testng.reporters.JUnitXMLReporter -->
<testsuite hostname="IBM931-PC073D58" ignored="0" name="Default test" tests="2" failures="0" timestamp="03 Jan 2019 15:26:00 GMT" time="69.244" errors="0">
  <testcase name="validLoginTest" time="6.143" classname="com.training.sanity.tests.ELTC_055_Careers"/>
  <testcase name="ReportingTest" time="22.681" classname="com.training.sanity.tests.ELTC_055_Careers"/>
</testsuite> <!-- Default test -->
