<?xml version="1.0" encoding="UTF-8"?>
<!-- Generated by org.testng.reporters.JUnitXMLReporter -->
<testsuite hostname="IBM931-PC073D58" ignored="0" name="Default test" tests="2" failures="0" timestamp="21 Dec 2018 10:36:06 GMT" time="84.082" errors="0">
  <testcase name="validLoginTest" time="20.221" classname="com.training.sanity.tests.ELTC_023_Add_users_course"/>
  <testcase name="AddcourseTest" time="20.108" classname="com.training.sanity.tests.ELTC_023_Add_users_course"/>
</testsuite> <!-- Default test -->
