<?xml version="1.0" encoding="UTF-8"?>
<!-- Generated by org.testng.reporters.JUnitXMLReporter -->
<testsuite hostname="IBM931-PC073D58" ignored="0" name="Sample test" tests="9" failures="0" timestamp="21 Dec 2018 10:53:55 GMT" time="379.855" errors="0">
  <testcase name="validLoginTest" time="5.588" classname="com.training.sanity.tests.LoginTests"/>
  <testcase name="validLoginTest" time="17.629" classname="com.training.sanity.tests.ELTC_022_Create_Course_link"/>
  <testcase name="validLoginTest" time="17.098" classname="com.training.sanity.tests.ELTC_023_Add_users_course"/>
  <testcase name="validLoginTest" time="21.903" classname="com.training.sanity.tests.ELTC_024_Courses_Categories"/>
  <testcase name="validLoginTest" time="10.1" classname="com.training.sanity.tests.ELTC_025_Delete_category_icon"/>
  <testcase name="createcourseTest" time="26.397" classname="com.training.sanity.tests.ELTC_022_Create_Course_link"/>
  <testcase name="AddcourseTest" time="19.342" classname="com.training.sanity.tests.ELTC_023_Add_users_course"/>
  <testcase name="coursecategoriesTest" time="27.288" classname="com.training.sanity.tests.ELTC_024_Courses_Categories"/>
  <testcase name="createcourseTest" time="14.629" classname="com.training.sanity.tests.ELTC_025_Delete_category_icon"/>
</testsuite> <!-- Sample test -->
